Virtual User Script started at: 10/19/2021 3:32:16 PM
Starting action vuser_init.
Web Turbo Replay of LoadRunner 12.55.0 for Windows 10; build 911 (июл 24 2017 19:46:00)  	[MsgId: MMSG-26983]
Run mode: HTML  	[MsgId: MMSG-26993]
Replay user agent: Chrome  	[MsgId: MMSG-26988]
Run-Time Settings file: "C:\LR_Data\Dictionary\\default.cfg"  	[MsgId: MMSG-27141]
Ending action vuser_init.
Running Vuser...
Starting iteration 1.
Maximum number of concurrent connections per server: 2  	[MsgId: MMSG-26989]
Starting action Action_A.
Action_A.c(23): web_reg_save_param_ex started  	[MsgId: MMSG-26355]
Action_A.c(23): Registering web_reg_save_param_ex was successful  	[MsgId: MMSG-26390]
Action_A.c(33): web_url("slovardalja.net") started  	[MsgId: MMSG-26355]
Action_A.c(33): Found resource "http://slovardalja.net/style.css" in HTML "http://slovardalja.net/"  	[MsgId: MMSG-26659]
Action_A.c(33): Found resource "http://newrrb.bid/1akds.min.js" in HTML "http://slovardalja.net/"  	[MsgId: MMSG-26659]
Action_A.c(33): Found resource "http://counter.rambler.ru/top100.cnt?1439171" in HTML "http://slovardalja.net/"  	[MsgId: MMSG-26659]
Action_A.c(33): Found resource "http://slovardalja.net/img/Header.jpg" in HTML "http://slovardalja.net/"  	[MsgId: MMSG-26659]
Action_A.c(33): Found resource "http://pagead2.googlesyndication.com/pagead/js/adsbygoogle.js" in HTML "http://slovardalja.net/"  	[MsgId: MMSG-26659]
Action_A.c(33): Notify: Saving Parameter "charkod_1 = 192".
Action_A.c(33): Notify: Saving Parameter "charkod_2 = 193".
Action_A.c(33): Notify: Saving Parameter "charkod_3 = 194".
Action_A.c(33): Notify: Saving Parameter "charkod_4 = 195".
Action_A.c(33): Notify: Saving Parameter "charkod_5 = 196".
Action_A.c(33): Notify: Saving Parameter "charkod_6 = 197".
Action_A.c(33): Notify: Saving Parameter "charkod_7 = 198".
Action_A.c(33): Notify: Saving Parameter "charkod_8 = 199".
Action_A.c(33): Notify: Saving Parameter "charkod_9 = 200".
Action_A.c(33): Notify: Saving Parameter "charkod_10 = 201".
Action_A.c(33): Notify: Saving Parameter "charkod_11 = 202".
Action_A.c(33): Notify: Saving Parameter "charkod_12 = 203".
Action_A.c(33): Notify: Saving Parameter "charkod_13 = 204".
Action_A.c(33): Notify: Saving Parameter "charkod_14 = 205".
Action_A.c(33): Notify: Saving Parameter "charkod_15 = 206".
Action_A.c(33): Notify: Saving Parameter "charkod_16 = 207".
Action_A.c(33): Notify: Saving Parameter "charkod_17 = 208".
Action_A.c(33): Notify: Saving Parameter "charkod_18 = 209".
Action_A.c(33): Notify: Saving Parameter "charkod_19 = 210".
Action_A.c(33): Notify: Saving Parameter "charkod_20 = 211".
Action_A.c(33): Notify: Saving Parameter "charkod_21 = 212".
Action_A.c(33): Notify: Saving Parameter "charkod_22 = 213".
Action_A.c(33): Notify: Saving Parameter "charkod_23 = 214".
Action_A.c(33): Notify: Saving Parameter "charkod_24 = 215".
Action_A.c(33): Notify: Saving Parameter "charkod_25 = 216".
Action_A.c(33): Notify: Saving Parameter "charkod_26 = 217".
Action_A.c(33): Notify: Saving Parameter "charkod_27 = 218".
Action_A.c(33): Notify: Saving Parameter "charkod_28 = 219".
Action_A.c(33): Notify: Saving Parameter "charkod_29 = 220".
Action_A.c(33): Notify: Saving Parameter "charkod_30 = 221".
Action_A.c(33): Notify: Saving Parameter "charkod_31 = 222".
Action_A.c(33): Notify: Saving Parameter "charkod_32 = 223".
Action_A.c(33): Found resource "http://slovardalja.net/img/endpic.jpg" in HTML "http://slovardalja.net/"  	[MsgId: MMSG-26659]
Action_A.c(33): Found resource "https://cdn-rtb.sape.ru/teasers/js/471/2/53471.js" in HTML "http://slovardalja.net/"  	[MsgId: MMSG-26659]
Action_A.c(33): Found resource "http://www.google-analytics.com/urchin.js" in HTML "http://slovardalja.net/"  	[MsgId: MMSG-26659]
Action_A.c(33): Redirecting "http://counter.rambler.ru/top100.cnt?1439171" (redirection depth is 0)  	[MsgId: MMSG-26694]
Action_A.c(33): To location "https://counter.rambler.ru/top100.cnt?1439171"  	[MsgId: MMSG-26693]
Action_A.c(33): ssl_handle_status encounter error : SSL_ERROR_SSL, error message : error:14094410:SSL routines:ssl3_read_bytes:sslv3 alert handshake failure  	[MsgId: MMSG-26000]
Action_A.c(33): Warning -27774: SSL protocol error when attempting to connect with host "cdn-rtb.sape.ru"  	[MsgId: MWAR-27774]
Action_A.c(33): Warning -27760: Request "https://cdn-rtb.sape.ru/teasers/js/471/2/53471.js" failed  	[MsgId: MWAR-27760]
Action_A.c(33): ssl_handle_status encounter error : SSL_ERROR_SSL, error message : error:14094410:SSL routines:ssl3_read_bytes:sslv3 alert handshake failure  	[MsgId: MMSG-26000]
Action_A.c(33): Warning -27774: SSL protocol error when attempting to connect with host "counter.rambler.ru"  	[MsgId: MWAR-27774]
Action_A.c(33): Warning -27760: Request "https://counter.rambler.ru/top100.cnt?1439171" failed  	[MsgId: MWAR-27760]
Action_A.c(33): Notify: Transaction "https://counter.rambler.ru/top100.cnt?1439171" will be skipped - could not calculate the transaction time (duration=0.0048, think_time=0.0000, wasted_time=1.0762).
Action_A.c(33): Notify: Transaction "http://slovardalja.net/img/endpic.jpg" will be skipped - could not calculate the transaction time (duration=0.0215, think_time=0.0000, wasted_time=1.0816).
Action_A.c(33): Notify: Saving Parameter "charkod_count = 32".
Action_A.c(33): web_url("slovardalja.net") highest severity level was "warning", 92390 body bytes, 3834 header bytes, 13 chunking overhead bytes  	[MsgId: MMSG-26387]
Action_A.c(46): Notify: Parameter Substitution: parameter "charkod_1" =  "192"
Action_A.c(46): Код первой буквы 192
Action_A.c(47): Notify: Parameter Substitution: parameter "charkod_count" =  "32"
Action_A.c(47): Всего 32 букв
Action_A.c(52): Notify: Parameter Substitution: parameter "charkod_1" =  "192"
Action_A.c(53): Notify: Parameter Substitution: parameter "charkod_count" =  "32"
Action_A.c(57): Случайное число 30179
Action_A.c(61): Выбрана буква с кодом 195
Action_A.c(65): Notify: Saving Parameter "param_letter = 195".
Action_A.c(67): Notify: Parameter Substitution: parameter "param_letter" =  "195"
Action_A.c(67): Выбрана буква с кодом 195
Action_A.c(73): web_reg_save_param_ex started  	[MsgId: MMSG-26355]
Action_A.c(73): Registering web_reg_save_param_ex was successful  	[MsgId: MMSG-26390]
Action_A.c(83): web_url("word") started  	[MsgId: MMSG-26355]
Action_A.c(83): Notify: Parameter Substitution: parameter "param_letter" =  "195"
Action_A.c(83): Resource "http://slovardalja.net/style.css" is in the cache already and will not be downloaded again  	[MsgId: MMSG-26655]
Action_A.c(83): Resource "http://newrrb.bid/1akds.min.js" is in the cache already and will not be downloaded again  	[MsgId: MMSG-26655]
Action_A.c(83): Found resource "http://counter.rambler.ru/top100.cnt?1439171" in HTML "http://slovardalja.net/letter.php?charkod=195"  	[MsgId: MMSG-26659]
Action_A.c(83): Resource "http://slovardalja.net/img/Header.jpg" is in the cache already and will not be downloaded again  	[MsgId: MMSG-26655]
Action_A.c(83): Resource "http://pagead2.googlesyndication.com/pagead/js/adsbygoogle.js" is in the cache already and will not be downloaded again  	[MsgId: MMSG-26655]
Action_A.c(83): Notify: Saving Parameter "wordcode_1 = 5441".
Action_A.c(83): Notify: Saving Parameter "wordcode_2 = 5442".
Action_A.c(83): Notify: Saving Parameter "wordcode_3 = 5443".
Action_A.c(83): Notify: Saving Parameter "wordcode_4 = 5444".
Action_A.c(83): Notify: Saving Parameter "wordcode_5 = 5445".
Action_A.c(83): Notify: Saving Parameter "wordcode_6 = 5446".
Action_A.c(83): Notify: Saving Parameter "wordcode_7 = 5447".
Action_A.c(83): Notify: Saving Parameter "wordcode_8 = 5448".
Action_A.c(83): Notify: Saving Parameter "wordcode_9 = 5449".
Action_A.c(83): Notify: Saving Parameter "wordcode_10 = 5450".
Action_A.c(83): Notify: Saving Parameter "wordcode_11 = 5451".
Action_A.c(83): Notify: Saving Parameter "wordcode_12 = 5452".
Action_A.c(83): Notify: Saving Parameter "wordcode_13 = 5453".
Action_A.c(83): Notify: Saving Parameter "wordcode_14 = 5454".
Action_A.c(83): Notify: Saving Parameter "wordcode_15 = 5455".
Action_A.c(83): Notify: Saving Parameter "wordcode_16 = 5456".
Action_A.c(83): Notify: Saving Parameter "wordcode_17 = 5457".
Action_A.c(83): Notify: Saving Parameter "wordcode_18 = 5458".
Action_A.c(83): Notify: Saving Parameter "wordcode_19 = 5459".
Action_A.c(83): Notify: Saving Parameter "wordcode_20 = 5460".
Action_A.c(83): Notify: Saving Parameter "wordcode_21 = 5461".
Action_A.c(83): Notify: Saving Parameter "wordcode_22 = 5462".
Action_A.c(83): Notify: Saving Parameter "wordcode_23 = 5463".
Action_A.c(83): Notify: Saving Parameter "wordcode_24 = 5464".
Action_A.c(83): Notify: Saving Parameter "wordcode_25 = 5465".
Action_A.c(83): Notify: Saving Parameter "wordcode_26 = 5466".
Action_A.c(83): Notify: Saving Parameter "wordcode_27 = 5467".
Action_A.c(83): Notify: Saving Parameter "wordcode_28 = 5468".
Action_A.c(83): Notify: Saving Parameter "wordcode_29 = 5469".
Action_A.c(83): Notify: Saving Parameter "wordcode_30 = 5470".
Action_A.c(83): Notify: Saving Parameter "wordcode_31 = 5471".
Action_A.c(83): Notify: Saving Parameter "wordcode_32 = 5472".
Action_A.c(83): Notify: Saving Parameter "wordcode_33 = 5473".
Action_A.c(83): Notify: Saving Parameter "wordcode_34 = 5474".
Action_A.c(83): Notify: Saving Parameter "wordcode_35 = 5475".
Action_A.c(83): Notify: Saving Parameter "wordcode_36 = 5476".
Action_A.c(83): Notify: Saving Parameter "wordcode_37 = 5477".
Action_A.c(83): Notify: Saving Parameter "wordcode_38 = 5478".
Action_A.c(83): Notify: Saving Parameter "wordcode_39 = 5479".
Action_A.c(83): Notify: Saving Parameter "wordcode_40 = 5480".
Action_A.c(83): Notify: Saving Parameter "wordcode_41 = 5481".
Action_A.c(83): Notify: Saving Parameter "wordcode_42 = 5482".
Action_A.c(83): Notify: Saving Parameter "wordcode_43 = 5483".
Action_A.c(83): Notify: Saving Parameter "wordcode_44 = 5484".
Action_A.c(83): Notify: Saving Parameter "wordcode_45 = 5485".
Action_A.c(83): Notify: Saving Parameter "wordcode_46 = 5486".
Action_A.c(83): Notify: Saving Parameter "wordcode_47 = 5487".
Action_A.c(83): Notify: Saving Parameter "wordcode_48 = 5488".
Action_A.c(83): Notify: Saving Parameter "wordcode_49 = 5489".
Action_A.c(83): Notify: Saving Parameter "wordcode_50 = 5490".
Action_A.c(83): Notify: Saving Parameter "wordcode_51 = 5491".
Action_A.c(83): Notify: Saving Parameter "wordcode_52 = 5492".
Action_A.c(83): Notify: Saving Parameter "wordcode_53 = 5493".
Action_A.c(83): Notify: Saving Parameter "wordcode_54 = 5494".
Action_A.c(83): Notify: Saving Parameter "wordcode_55 = 5495".
Action_A.c(83): Notify: Saving Parameter "wordcode_56 = 5496".
Action_A.c(83): Notify: Saving Parameter "wordcode_57 = 5497".
Action_A.c(83): Notify: Saving Parameter "wordcode_58 = 5498".
Action_A.c(83): Notify: Saving Parameter "wordcode_59 = 5499".
Action_A.c(83): Notify: Saving Parameter "wordcode_60 = 5500".
Action_A.c(83): Notify: Saving Parameter "wordcode_61 = 5501".
Action_A.c(83): Notify: Saving Parameter "wordcode_62 = 5502".
Action_A.c(83): Notify: Saving Parameter "wordcode_63 = 5503".
Action_A.c(83): Notify: Saving Parameter "wordcode_64 = 5504".
Action_A.c(83): Notify: Saving Parameter "wordcode_65 = 5505".
Action_A.c(83): Notify: Saving Parameter "wordcode_66 = 5506".
Action_A.c(83): Notify: Saving Parameter "wordcode_67 = 5507".
Action_A.c(83): Notify: Saving Parameter "wordcode_68 = 5508".
Action_A.c(83): Notify: Saving Parameter "wordcode_69 = 5509".
Action_A.c(83): Notify: Saving Parameter "wordcode_70 = 5510".
Action_A.c(83): Notify: Saving Parameter "wordcode_71 = 5511".
Action_A.c(83): Notify: Saving Parameter "wordcode_72 = 5512".
Action_A.c(83): Notify: Saving Parameter "wordcode_73 = 5513".
Action_A.c(83): Notify: Saving Parameter "wordcode_74 = 5514".
Action_A.c(83): Notify: Saving Parameter "wordcode_75 = 5515".
Action_A.c(83): Notify: Saving Parameter "wordcode_76 = 5516".
Action_A.c(83): Notify: Saving Parameter "wordcode_77 = 5517".
Action_A.c(83): Notify: Saving Parameter "wordcode_78 = 5518".
Action_A.c(83): Notify: Saving Parameter "wordcode_79 = 5519".
Action_A.c(83): Notify: Saving Parameter "wordcode_80 = 5520".
Action_A.c(83): Notify: Saving Parameter "wordcode_81 = 5521".
Action_A.c(83): Notify: Saving Parameter "wordcode_82 = 5522".
Action_A.c(83): Notify: Saving Parameter "wordcode_83 = 5523".
Action_A.c(83): Notify: Saving Parameter "wordcode_84 = 5524".
Action_A.c(83): Notify: Saving Parameter "wordcode_85 = 5525".
Action_A.c(83): Notify: Saving Parameter "wordcode_86 = 5526".
Action_A.c(83): Notify: Saving Parameter "wordcode_87 = 5527".
Action_A.c(83): Notify: Saving Parameter "wordcode_88 = 5528".
Action_A.c(83): Notify: Saving Parameter "wordcode_89 = 5529".
Action_A.c(83): Notify: Saving Parameter "wordcode_90 = 5530".
Action_A.c(83): Notify: Saving Parameter "wordcode_91 = 5531".
Action_A.c(83): Notify: Saving Parameter "wordcode_92 = 5532".
Action_A.c(83): Notify: Saving Parameter "wordcode_93 = 5533".
Action_A.c(83): Notify: Saving Parameter "wordcode_94 = 5534".
Action_A.c(83): Notify: Saving Parameter "wordcode_95 = 5535".
Action_A.c(83): Notify: Saving Parameter "wordcode_96 = 5536".
Action_A.c(83): Notify: Saving Parameter "wordcode_97 = 5537".
Action_A.c(83): Notify: Saving Parameter "wordcode_98 = 5538".
Action_A.c(83): Notify: Saving Parameter "wordcode_99 = 5539".
Action_A.c(83): Notify: Saving Parameter "wordcode_100 = 5540".
Action_A.c(83): Notify: Saving Parameter "wordcode_101 = 5541".
Action_A.c(83): Notify: Saving Parameter "wordcode_102 = 5542".
Action_A.c(83): Notify: Saving Parameter "wordcode_103 = 5543".
Action_A.c(83): Notify: Saving Parameter "wordcode_104 = 5544".
Action_A.c(83): Notify: Saving Parameter "wordcode_105 = 5545".
Action_A.c(83): Notify: Saving Parameter "wordcode_106 = 5546".
Action_A.c(83): Notify: Saving Parameter "wordcode_107 = 5547".
Action_A.c(83): Notify: Saving Parameter "wordcode_108 = 5548".
Action_A.c(83): Notify: Saving Parameter "wordcode_109 = 5549".
Action_A.c(83): Notify: Saving Parameter "wordcode_110 = 5550".
Action_A.c(83): Notify: Saving Parameter "wordcode_111 = 5551".
Action_A.c(83): Notify: Saving Parameter "wordcode_112 = 5552".
Action_A.c(83): Notify: Saving Parameter "wordcode_113 = 5553".
Action_A.c(83): Notify: Saving Parameter "wordcode_114 = 5554".
Action_A.c(83): Notify: Saving Parameter "wordcode_115 = 5555".
Action_A.c(83): Notify: Saving Parameter "wordcode_116 = 5556".
Action_A.c(83): Notify: Saving Parameter "wordcode_117 = 5557".
Action_A.c(83): Notify: Saving Parameter "wordcode_118 = 5558".
Action_A.c(83): Notify: Saving Parameter "wordcode_119 = 5559".
Action_A.c(83): Notify: Saving Parameter "wordcode_120 = 5560".
Action_A.c(83): Notify: Saving Parameter "wordcode_121 = 5561".
Action_A.c(83): Notify: Saving Parameter "wordcode_122 = 5562".
Action_A.c(83): Notify: Saving Parameter "wordcode_123 = 5563".
Action_A.c(83): Notify: Saving Parameter "wordcode_124 = 5564".
Action_A.c(83): Notify: Saving Parameter "wordcode_125 = 5565".
Action_A.c(83): Notify: Saving Parameter "wordcode_126 = 5566".
Action_A.c(83): Notify: Saving Parameter "wordcode_127 = 5567".
Action_A.c(83): Notify: Saving Parameter "wordcode_128 = 5568".
Action_A.c(83): Notify: Saving Parameter "wordcode_129 = 5569".
Action_A.c(83): Notify: Saving Parameter "wordcode_130 = 5570".
Action_A.c(83): Notify: Saving Parameter "wordcode_131 = 5571".
Action_A.c(83): Notify: Saving Parameter "wordcode_132 = 5572".
Action_A.c(83): Notify: Saving Parameter "wordcode_133 = 5573".
Action_A.c(83): Notify: Saving Parameter "wordcode_134 = 5574".
Action_A.c(83): Notify: Saving Parameter "wordcode_135 = 5575".
Action_A.c(83): Notify: Saving Parameter "wordcode_136 = 5576".
Action_A.c(83): Notify: Saving Parameter "wordcode_137 = 5577".
Action_A.c(83): Notify: Saving Parameter "wordcode_138 = 5578".
Action_A.c(83): Notify: Saving Parameter "wordcode_139 = 5579".
Action_A.c(83): Notify: Saving Parameter "wordcode_140 = 5580".
Action_A.c(83): Notify: Saving Parameter "wordcode_141 = 5581".
Action_A.c(83): Notify: Saving Parameter "wordcode_142 = 5582".
Action_A.c(83): Notify: Saving Parameter "wordcode_143 = 5583".
Action_A.c(83): Notify: Saving Parameter "wordcode_144 = 5584".
Action_A.c(83): Notify: Saving Parameter "wordcode_145 = 5585".
Action_A.c(83): Notify: Saving Parameter "wordcode_146 = 5586".
Action_A.c(83): Notify: Saving Parameter "wordcode_147 = 5587".
Action_A.c(83): Notify: Saving Parameter "wordcode_148 = 5588".
Action_A.c(83): Notify: Saving Parameter "wordcode_149 = 5589".
Action_A.c(83): Notify: Saving Parameter "wordcode_150 = 5590".
Action_A.c(83): Notify: Saving Parameter "wordcode_151 = 5591".
Action_A.c(83): Notify: Saving Parameter "wordcode_152 = 5592".
Action_A.c(83): Notify: Saving Parameter "wordcode_153 = 5593".
Action_A.c(83): Notify: Saving Parameter "wordcode_154 = 5594".
Action_A.c(83): Notify: Saving Parameter "wordcode_155 = 5595".
Action_A.c(83): Notify: Saving Parameter "wordcode_156 = 5596".
Action_A.c(83): Notify: Saving Parameter "wordcode_157 = 5597".
Action_A.c(83): Notify: Saving Parameter "wordcode_158 = 5598".
Action_A.c(83): Notify: Saving Parameter "wordcode_159 = 5599".
Action_A.c(83): Notify: Saving Parameter "wordcode_160 = 5600".
Action_A.c(83): Notify: Saving Parameter "wordcode_161 = 5601".
Action_A.c(83): Notify: Saving Parameter "wordcode_162 = 5602".
Action_A.c(83): Notify: Saving Parameter "wordcode_163 = 5603".
Action_A.c(83): Notify: Saving Parameter "wordcode_164 = 5604".
Action_A.c(83): Notify: Saving Parameter "wordcode_165 = 5605".
Action_A.c(83): Notify: Saving Parameter "wordcode_166 = 5606".
Action_A.c(83): Notify: Saving Parameter "wordcode_167 = 5607".
Action_A.c(83): Notify: Saving Parameter "wordcode_168 = 5608".
Action_A.c(83): Notify: Saving Parameter "wordcode_169 = 5609".
Action_A.c(83): Notify: Saving Parameter "wordcode_170 = 5610".
Action_A.c(83): Notify: Saving Parameter "wordcode_171 = 5611".
Action_A.c(83): Notify: Saving Parameter "wordcode_172 = 5612".
Action_A.c(83): Notify: Saving Parameter "wordcode_173 = 5613".
Action_A.c(83): Notify: Saving Parameter "wordcode_174 = 5614".
Action_A.c(83): Notify: Saving Parameter "wordcode_175 = 5615".
Action_A.c(83): Notify: Saving Parameter "wordcode_176 = 5616".
Action_A.c(83): Notify: Saving Parameter "wordcode_177 = 5617".
Action_A.c(83): Notify: Saving Parameter "wordcode_178 = 5618".
Action_A.c(83): Notify: Saving Parameter "wordcode_179 = 5619".
Action_A.c(83): Notify: Saving Parameter "wordcode_180 = 5620".
Action_A.c(83): Notify: Saving Parameter "wordcode_181 = 5621".
Action_A.c(83): Notify: Saving Parameter "wordcode_182 = 5622".
Action_A.c(83): Notify: Saving Parameter "wordcode_183 = 5623".
Action_A.c(83): Notify: Saving Parameter "wordcode_184 = 5624".
Action_A.c(83): Notify: Saving Parameter "wordcode_185 = 5625".
Action_A.c(83): Notify: Saving Parameter "wordcode_186 = 5626".
Action_A.c(83): Notify: Saving Parameter "wordcode_187 = 5627".
Action_A.c(83): Notify: Saving Parameter "wordcode_188 = 5628".
Action_A.c(83): Notify: Saving Parameter "wordcode_189 = 5629".
Action_A.c(83): Notify: Saving Parameter "wordcode_190 = 5630".
Action_A.c(83): Notify: Saving Parameter "wordcode_191 = 5631".
Action_A.c(83): Notify: Saving Parameter "wordcode_192 = 5632".
Action_A.c(83): Notify: Saving Parameter "wordcode_193 = 5633".
Action_A.c(83): Notify: Saving Parameter "wordcode_194 = 5634".
Action_A.c(83): Notify: Saving Parameter "wordcode_195 = 5635".
Action_A.c(83): Notify: Saving Parameter "wordcode_196 = 5636".
Action_A.c(83): Notify: Saving Parameter "wordcode_197 = 5637".
Action_A.c(83): Notify: Saving Parameter "wordcode_198 = 5638".
Action_A.c(83): Notify: Saving Parameter "wordcode_199 = 5639".
Action_A.c(83): Notify: Saving Parameter "wordcode_200 = 5640".
Action_A.c(83): Notify: Saving Parameter "wordcode_201 = 5641".
Action_A.c(83): Notify: Saving Parameter "wordcode_202 = 5642".
Action_A.c(83): Notify: Saving Parameter "wordcode_203 = 5643".
Action_A.c(83): Notify: Saving Parameter "wordcode_204 = 5644".
Action_A.c(83): Notify: Saving Parameter "wordcode_205 = 5645".
Action_A.c(83): Notify: Saving Parameter "wordcode_206 = 5646".
Action_A.c(83): Notify: Saving Parameter "wordcode_207 = 5647".
Action_A.c(83): Notify: Saving Parameter "wordcode_208 = 5648".
Action_A.c(83): Notify: Saving Parameter "wordcode_209 = 5649".
Action_A.c(83): Notify: Saving Parameter "wordcode_210 = 5650".
Action_A.c(83): Notify: Saving Parameter "wordcode_211 = 5651".
Action_A.c(83): Notify: Saving Parameter "wordcode_212 = 5652".
Action_A.c(83): Notify: Saving Parameter "wordcode_213 = 5653".
Action_A.c(83): Notify: Saving Parameter "wordcode_214 = 5654".
Action_A.c(83): Notify: Saving Parameter "wordcode_215 = 5655".
Action_A.c(83): Notify: Saving Parameter "wordcode_216 = 5656".
Action_A.c(83): Notify: Saving Parameter "wordcode_217 = 5657".
Action_A.c(83): Notify: Saving Parameter "wordcode_218 = 5658".
Action_A.c(83): Notify: Saving Parameter "wordcode_219 = 5659".
Action_A.c(83): Notify: Saving Parameter "wordcode_220 = 5660".
Action_A.c(83): Notify: Saving Parameter "wordcode_221 = 5661".
Action_A.c(83): Notify: Saving Parameter "wordcode_222 = 5662".
Action_A.c(83): Notify: Saving Parameter "wordcode_223 = 5663".
Action_A.c(83): Notify: Saving Parameter "wordcode_224 = 5664".
Action_A.c(83): Notify: Saving Parameter "wordcode_225 = 5665".
Action_A.c(83): Notify: Saving Parameter "wordcode_226 = 5666".
Action_A.c(83): Notify: Saving Parameter "wordcode_227 = 5667".
Action_A.c(83): Notify: Saving Parameter "wordcode_228 = 5668".
Action_A.c(83): Notify: Saving Parameter "wordcode_229 = 5669".
Action_A.c(83): Notify: Saving Parameter "wordcode_230 = 5670".
Action_A.c(83): Notify: Saving Parameter "wordcode_231 = 5671".
Action_A.c(83): Notify: Saving Parameter "wordcode_232 = 5672".
Action_A.c(83): Notify: Saving Parameter "wordcode_233 = 5673".
Action_A.c(83): Notify: Saving Parameter "wordcode_234 = 5674".
Action_A.c(83): Notify: Saving Parameter "wordcode_235 = 5675".
Action_A.c(83): Notify: Saving Parameter "wordcode_236 = 5676".
Action_A.c(83): Notify: Saving Parameter "wordcode_237 = 5677".
Action_A.c(83): Notify: Saving Parameter "wordcode_238 = 5678".
Action_A.c(83): Notify: Saving Parameter "wordcode_239 = 5679".
Action_A.c(83): Notify: Saving Parameter "wordcode_240 = 5680".
Action_A.c(83): Notify: Saving Parameter "wordcode_241 = 5681".
Action_A.c(83): Notify: Saving Parameter "wordcode_242 = 5682".
Action_A.c(83): Notify: Saving Parameter "wordcode_243 = 5683".
Action_A.c(83): Notify: Saving Parameter "wordcode_244 = 5684".
Action_A.c(83): Notify: Saving Parameter "wordcode_245 = 5685".
Action_A.c(83): Notify: Saving Parameter "wordcode_246 = 5686".
Action_A.c(83): Notify: Saving Parameter "wordcode_247 = 5687".
Action_A.c(83): Notify: Saving Parameter "wordcode_248 = 5688".
Action_A.c(83): Notify: Saving Parameter "wordcode_249 = 5689".
Action_A.c(83): Notify: Saving Parameter "wordcode_250 = 5690".
Action_A.c(83): Notify: Saving Parameter "wordcode_251 = 5691".
Action_A.c(83): Notify: Saving Parameter "wordcode_252 = 5692".
Action_A.c(83): Notify: Saving Parameter "wordcode_253 = 5693".
Action_A.c(83): Notify: Saving Parameter "wordcode_254 = 5694".
Action_A.c(83): Notify: Saving Parameter "wordcode_255 = 5695".
Action_A.c(83): Notify: Saving Parameter "wordcode_256 = 5696".
Action_A.c(83): Notify: Saving Parameter "wordcode_257 = 5697".
Action_A.c(83): Notify: Saving Parameter "wordcode_258 = 5698".
Action_A.c(83): Notify: Saving Parameter "wordcode_259 = 5699".
Action_A.c(83): Notify: Saving Parameter "wordcode_260 = 5700".
Action_A.c(83): Notify: Saving Parameter "wordcode_261 = 5701".
Action_A.c(83): Notify: Saving Parameter "wordcode_262 = 5702".
Action_A.c(83): Notify: Saving Parameter "wordcode_263 = 5703".
Action_A.c(83): Notify: Saving Parameter "wordcode_264 = 5704".
Action_A.c(83): Notify: Saving Parameter "wordcode_265 = 5705".
Action_A.c(83): Notify: Saving Parameter "wordcode_266 = 5706".
Action_A.c(83): Notify: Saving Parameter "wordcode_267 = 5707".
Action_A.c(83): Notify: Saving Parameter "wordcode_268 = 5708".
Action_A.c(83): Notify: Saving Parameter "wordcode_269 = 5709".
Action_A.c(83): Notify: Saving Parameter "wordcode_270 = 5710".
Action_A.c(83): Notify: Saving Parameter "wordcode_271 = 5711".
Action_A.c(83): Notify: Saving Parameter "wordcode_272 = 5712".
Action_A.c(83): Notify: Saving Parameter "wordcode_273 = 5713".
Action_A.c(83): Notify: Saving Parameter "wordcode_274 = 5714".
Action_A.c(83): Notify: Saving Parameter "wordcode_275 = 5715".
Action_A.c(83): Notify: Saving Parameter "wordcode_276 = 5716".
Action_A.c(83): Notify: Saving Parameter "wordcode_277 = 5717".
Action_A.c(83): Notify: Saving Parameter "wordcode_278 = 5718".
Action_A.c(83): Notify: Saving Parameter "wordcode_279 = 5719".
Action_A.c(83): Notify: Saving Parameter "wordcode_280 = 5720".
Action_A.c(83): Notify: Saving Parameter "wordcode_281 = 5721".
Action_A.c(83): Notify: Saving Parameter "wordcode_282 = 5722".
Action_A.c(83): Notify: Saving Parameter "wordcode_283 = 5723".
Action_A.c(83): Notify: Saving Parameter "wordcode_284 = 5724".
Action_A.c(83): Notify: Saving Parameter "wordcode_285 = 5725".
Action_A.c(83): Notify: Saving Parameter "wordcode_286 = 5726".
Action_A.c(83): Notify: Saving Parameter "wordcode_287 = 5727".
Action_A.c(83): Notify: Saving Parameter "wordcode_288 = 5728".
Action_A.c(83): Notify: Saving Parameter "wordcode_289 = 5729".
Action_A.c(83): Notify: Saving Parameter "wordcode_290 = 5730".
Action_A.c(83): Notify: Saving Parameter "wordcode_291 = 5731".
Action_A.c(83): Notify: Saving Parameter "wordcode_292 = 5732".
Action_A.c(83): Notify: Saving Parameter "wordcode_293 = 5733".
Action_A.c(83): Notify: Saving Parameter "wordcode_294 = 5734".
Action_A.c(83): Notify: Saving Parameter "wordcode_295 = 5735".
Action_A.c(83): Notify: Saving Parameter "wordcode_296 = 5736".
Action_A.c(83): Notify: Saving Parameter "wordcode_297 = 5737".
Action_A.c(83): Notify: Saving Parameter "wordcode_298 = 5738".
Action_A.c(83): Notify: Saving Parameter "wordcode_299 = 5739".
Action_A.c(83): Notify: Saving Parameter "wordcode_300 = 5740".
Action_A.c(83): Notify: Saving Parameter "wordcode_301 = 5741".
Action_A.c(83): Notify: Saving Parameter "wordcode_302 = 5742".
Action_A.c(83): Notify: Saving Parameter "wordcode_303 = 5743".
Action_A.c(83): Notify: Saving Parameter "wordcode_304 = 5744".
Action_A.c(83): Notify: Saving Parameter "wordcode_305 = 5745".
Action_A.c(83): Notify: Saving Parameter "wordcode_306 = 5746".
Action_A.c(83): Notify: Saving Parameter "wordcode_307 = 5747".
Action_A.c(83): Notify: Saving Parameter "wordcode_308 = 5748".
Action_A.c(83): Notify: Saving Parameter "wordcode_309 = 5749".
Action_A.c(83): Notify: Saving Parameter "wordcode_310 = 5750".
Action_A.c(83): Notify: Saving Parameter "wordcode_311 = 5751".
Action_A.c(83): Notify: Saving Parameter "wordcode_312 = 5752".
Action_A.c(83): Notify: Saving Parameter "wordcode_313 = 5753".
Action_A.c(83): Notify: Saving Parameter "wordcode_314 = 5754".
Action_A.c(83): Notify: Saving Parameter "wordcode_315 = 5755".
Action_A.c(83): Notify: Saving Parameter "wordcode_316 = 5756".
Action_A.c(83): Notify: Saving Parameter "wordcode_317 = 5757".
Action_A.c(83): Notify: Saving Parameter "wordcode_318 = 5758".
Action_A.c(83): Notify: Saving Parameter "wordcode_319 = 5759".
Action_A.c(83): Notify: Saving Parameter "wordcode_320 = 5760".
Action_A.c(83): Notify: Saving Parameter "wordcode_321 = 5761".
Action_A.c(83): Notify: Saving Parameter "wordcode_322 = 5762".
Action_A.c(83): Notify: Saving Parameter "wordcode_323 = 5763".
Action_A.c(83): Notify: Saving Parameter "wordcode_324 = 5764".
Action_A.c(83): Notify: Saving Parameter "wordcode_325 = 5765".
Action_A.c(83): Notify: Saving Parameter "wordcode_326 = 5766".
Action_A.c(83): Notify: Saving Parameter "wordcode_327 = 5767".
Action_A.c(83): Notify: Saving Parameter "wordcode_328 = 5768".
Action_A.c(83): Notify: Saving Parameter "wordcode_329 = 5769".
Action_A.c(83): Notify: Saving Parameter "wordcode_330 = 5770".
Action_A.c(83): Notify: Saving Parameter "wordcode_331 = 5771".
Action_A.c(83): Notify: Saving Parameter "wordcode_332 = 5772".
Action_A.c(83): Notify: Saving Parameter "wordcode_333 = 5773".
Action_A.c(83): Notify: Saving Parameter "wordcode_334 = 5774".
Action_A.c(83): Notify: Saving Parameter "wordcode_335 = 5775".
Action_A.c(83): Notify: Saving Parameter "wordcode_336 = 5776".
Action_A.c(83): Notify: Saving Parameter "wordcode_337 = 5777".
Action_A.c(83): Notify: Saving Parameter "wordcode_338 = 5778".
Action_A.c(83): Notify: Saving Parameter "wordcode_339 = 5779".
Action_A.c(83): Notify: Saving Parameter "wordcode_340 = 5780".
Action_A.c(83): Notify: Saving Parameter "wordcode_341 = 5781".
Action_A.c(83): Notify: Saving Parameter "wordcode_342 = 5782".
Action_A.c(83): Notify: Saving Parameter "wordcode_343 = 5783".
Action_A.c(83): Notify: Saving Parameter "wordcode_344 = 5784".
Action_A.c(83): Notify: Saving Parameter "wordcode_345 = 5785".
Action_A.c(83): Notify: Saving Parameter "wordcode_346 = 5786".
Action_A.c(83): Notify: Saving Parameter "wordcode_347 = 5787".
Action_A.c(83): Notify: Saving Parameter "wordcode_348 = 5788".
Action_A.c(83): Notify: Saving Parameter "wordcode_349 = 5789".
Action_A.c(83): Notify: Saving Parameter "wordcode_350 = 5790".
Action_A.c(83): Notify: Saving Parameter "wordcode_351 = 5791".
Action_A.c(83): Notify: Saving Parameter "wordcode_352 = 5792".
Action_A.c(83): Notify: Saving Parameter "wordcode_353 = 5793".
Action_A.c(83): Notify: Saving Parameter "wordcode_354 = 5794".
Action_A.c(83): Notify: Saving Parameter "wordcode_355 = 5795".
Action_A.c(83): Notify: Saving Parameter "wordcode_356 = 5796".
Action_A.c(83): Notify: Saving Parameter "wordcode_357 = 5797".
Action_A.c(83): Notify: Saving Parameter "wordcode_358 = 5798".
Action_A.c(83): Notify: Saving Parameter "wordcode_359 = 5799".
Action_A.c(83): Notify: Saving Parameter "wordcode_360 = 5800".
Action_A.c(83): Notify: Saving Parameter "wordcode_361 = 5801".
Action_A.c(83): Notify: Saving Parameter "wordcode_362 = 5802".
Action_A.c(83): Notify: Saving Parameter "wordcode_363 = 5803".
Action_A.c(83): Notify: Saving Parameter "wordcode_364 = 5804".
Action_A.c(83): Notify: Saving Parameter "wordcode_365 = 5805".
Action_A.c(83): Notify: Saving Parameter "wordcode_366 = 5806".
Action_A.c(83): Notify: Saving Parameter "wordcode_367 = 5807".
Action_A.c(83): Notify: Saving Parameter "wordcode_368 = 5808".
Action_A.c(83): Notify: Saving Parameter "wordcode_369 = 5809".
Action_A.c(83): Notify: Saving Parameter "wordcode_370 = 5810".
Action_A.c(83): Notify: Saving Parameter "wordcode_371 = 5811".
Action_A.c(83): Notify: Saving Parameter "wordcode_372 = 5812".
Action_A.c(83): Notify: Saving Parameter "wordcode_373 = 5813".
Action_A.c(83): Notify: Saving Parameter "wordcode_374 = 5814".
Action_A.c(83): Notify: Saving Parameter "wordcode_375 = 5815".
Action_A.c(83): Notify: Saving Parameter "wordcode_376 = 5816".
Action_A.c(83): Notify: Saving Parameter "wordcode_377 = 5817".
Action_A.c(83): Notify: Saving Parameter "wordcode_378 = 5818".
Action_A.c(83): Notify: Saving Parameter "wordcode_379 = 5819".
Action_A.c(83): Notify: Saving Parameter "wordcode_380 = 5820".
Action_A.c(83): Notify: Saving Parameter "wordcode_381 = 5821".
Action_A.c(83): Notify: Saving Parameter "wordcode_382 = 5822".
Action_A.c(83): Notify: Saving Parameter "wordcode_383 = 5823".
Action_A.c(83): Notify: Saving Parameter "wordcode_384 = 5824".
Action_A.c(83): Notify: Saving Parameter "wordcode_385 = 5825".
Action_A.c(83): Notify: Saving Parameter "wordcode_386 = 5826".
Action_A.c(83): Notify: Saving Parameter "wordcode_387 = 5827".
Action_A.c(83): Notify: Saving Parameter "wordcode_388 = 5828".
Action_A.c(83): Notify: Saving Parameter "wordcode_389 = 5829".
Action_A.c(83): Notify: Saving Parameter "wordcode_390 = 5830".
Action_A.c(83): Notify: Saving Parameter "wordcode_391 = 5831".
Action_A.c(83): Notify: Saving Parameter "wordcode_392 = 5832".
Action_A.c(83): Notify: Saving Parameter "wordcode_393 = 5833".
Action_A.c(83): Notify: Saving Parameter "wordcode_394 = 5834".
Action_A.c(83): Notify: Saving Parameter "wordcode_395 = 5835".
Action_A.c(83): Notify: Saving Parameter "wordcode_396 = 5836".
Action_A.c(83): Notify: Saving Parameter "wordcode_397 = 5837".
Action_A.c(83): Notify: Saving Parameter "wordcode_398 = 5838".
Action_A.c(83): Notify: Saving Parameter "wordcode_399 = 5839".
Action_A.c(83): Notify: Saving Parameter "wordcode_400 = 5840".
Action_A.c(83): Notify: Saving Parameter "wordcode_401 = 5841".
Action_A.c(83): Notify: Saving Parameter "wordcode_402 = 5842".
Action_A.c(83): Notify: Saving Parameter "wordcode_403 = 5843".
Action_A.c(83): Notify: Saving Parameter "wordcode_404 = 5844".
Action_A.c(83): Notify: Saving Parameter "wordcode_405 = 5845".
Action_A.c(83): Notify: Saving Parameter "wordcode_406 = 5846".
Action_A.c(83): Notify: Saving Parameter "wordcode_407 = 5847".
Action_A.c(83): Notify: Saving Parameter "wordcode_408 = 5848".
Action_A.c(83): Notify: Saving Parameter "wordcode_409 = 5849".
Action_A.c(83): Notify: Saving Parameter "wordcode_410 = 5850".
Action_A.c(83): Notify: Saving Parameter "wordcode_411 = 5851".
Action_A.c(83): Notify: Saving Parameter "wordcode_412 = 5852".
Action_A.c(83): Notify: Saving Parameter "wordcode_413 = 5853".
Action_A.c(83): Notify: Saving Parameter "wordcode_414 = 5854".
Action_A.c(83): Notify: Saving Parameter "wordcode_415 = 5855".
Action_A.c(83): Notify: Saving Parameter "wordcode_416 = 5856".
Action_A.c(83): Notify: Saving Parameter "wordcode_417 = 5857".
Action_A.c(83): Notify: Saving Parameter "wordcode_418 = 5858".
Action_A.c(83): Notify: Saving Parameter "wordcode_419 = 5859".
Action_A.c(83): Notify: Saving Parameter "wordcode_420 = 5860".
Action_A.c(83): Notify: Saving Parameter "wordcode_421 = 5861".
Action_A.c(83): Notify: Saving Parameter "wordcode_422 = 5862".
Action_A.c(83): Notify: Saving Parameter "wordcode_423 = 5863".
Action_A.c(83): Notify: Saving Parameter "wordcode_424 = 5864".
Action_A.c(83): Notify: Saving Parameter "wordcode_425 = 5865".
Action_A.c(83): Notify: Saving Parameter "wordcode_426 = 5866".
Action_A.c(83): Notify: Saving Parameter "wordcode_427 = 5867".
Action_A.c(83): Notify: Saving Parameter "wordcode_428 = 5868".
Action_A.c(83): Notify: Saving Parameter "wordcode_429 = 5869".
Action_A.c(83): Notify: Saving Parameter "wordcode_430 = 5870".
Action_A.c(83): Notify: Saving Parameter "wordcode_431 = 5871".
Action_A.c(83): Notify: Saving Parameter "wordcode_432 = 5872".
Action_A.c(83): Notify: Saving Parameter "wordcode_433 = 5873".
Action_A.c(83): Notify: Saving Parameter "wordcode_434 = 5874".
Action_A.c(83): Notify: Saving Parameter "wordcode_435 = 5875".
Action_A.c(83): Notify: Saving Parameter "wordcode_436 = 5876".
Action_A.c(83): Notify: Saving Parameter "wordcode_437 = 5877".
Action_A.c(83): Notify: Saving Parameter "wordcode_438 = 5878".
Action_A.c(83): Notify: Saving Parameter "wordcode_439 = 5879".
Action_A.c(83): Notify: Saving Parameter "wordcode_440 = 5880".
Action_A.c(83): Notify: Saving Parameter "wordcode_441 = 5881".
Action_A.c(83): Notify: Saving Parameter "wordcode_442 = 5882".
Action_A.c(83): Notify: Saving Parameter "wordcode_443 = 5883".
Action_A.c(83): Notify: Saving Parameter "wordcode_444 = 5884".
Action_A.c(83): Notify: Saving Parameter "wordcode_445 = 5885".
Action_A.c(83): Notify: Saving Parameter "wordcode_446 = 5886".
Action_A.c(83): Notify: Saving Parameter "wordcode_447 = 5887".
Action_A.c(83): Notify: Saving Parameter "wordcode_448 = 5888".
Action_A.c(83): Notify: Saving Parameter "wordcode_449 = 5889".
Action_A.c(83): Notify: Saving Parameter "wordcode_450 = 5890".
Action_A.c(83): Notify: Saving Parameter "wordcode_451 = 5891".
Action_A.c(83): Notify: Saving Parameter "wordcode_452 = 5892".
Action_A.c(83): Notify: Saving Parameter "wordcode_453 = 5893".
Action_A.c(83): Notify: Saving Parameter "wordcode_454 = 5894".
Action_A.c(83): Notify: Saving Parameter "wordcode_455 = 5895".
Action_A.c(83): Notify: Saving Parameter "wordcode_456 = 5896".
Action_A.c(83): Notify: Saving Parameter "wordcode_457 = 5897".
Action_A.c(83): Notify: Saving Parameter "wordcode_458 = 5898".
Action_A.c(83): Notify: Saving Parameter "wordcode_459 = 5899".
Action_A.c(83): Notify: Saving Parameter "wordcode_460 = 5900".
Action_A.c(83): Notify: Saving Parameter "wordcode_461 = 5901".
Action_A.c(83): Notify: Saving Parameter "wordcode_462 = 5902".
Action_A.c(83): Notify: Saving Parameter "wordcode_463 = 5903".
Action_A.c(83): Notify: Saving Parameter "wordcode_464 = 5904".
Action_A.c(83): Notify: Saving Parameter "wordcode_465 = 5905".
Action_A.c(83): Notify: Saving Parameter "wordcode_466 = 5906".
Action_A.c(83): Notify: Saving Parameter "wordcode_467 = 5907".
Action_A.c(83): Notify: Saving Parameter "wordcode_468 = 5908".
Action_A.c(83): Notify: Saving Parameter "wordcode_469 = 5909".
Action_A.c(83): Notify: Saving Parameter "wordcode_470 = 5910".
Action_A.c(83): Notify: Saving Parameter "wordcode_471 = 5911".
Action_A.c(83): Notify: Saving Parameter "wordcode_472 = 5912".
Action_A.c(83): Notify: Saving Parameter "wordcode_473 = 5913".
Action_A.c(83): Notify: Saving Parameter "wordcode_474 = 5914".
Action_A.c(83): Notify: Saving Parameter "wordcode_475 = 5915".
Action_A.c(83): Notify: Saving Parameter "wordcode_476 = 5916".
Action_A.c(83): Notify: Saving Parameter "wordcode_477 = 5917".
Action_A.c(83): Notify: Saving Parameter "wordcode_478 = 5918".
Action_A.c(83): Notify: Saving Parameter "wordcode_479 = 5919".
Action_A.c(83): Notify: Saving Parameter "wordcode_480 = 5920".
Action_A.c(83): Notify: Saving Parameter "wordcode_481 = 5921".
Action_A.c(83): Notify: Saving Parameter "wordcode_482 = 5922".
Action_A.c(83): Notify: Saving Parameter "wordcode_483 = 5923".
Action_A.c(83): Notify: Saving Parameter "wordcode_484 = 5924".
Action_A.c(83): Notify: Saving Parameter "wordcode_485 = 5925".
Action_A.c(83): Notify: Saving Parameter "wordcode_486 = 5926".
Action_A.c(83): Notify: Saving Parameter "wordcode_487 = 5927".
Action_A.c(83): Notify: Saving Parameter "wordcode_488 = 5928".
Action_A.c(83): Notify: Saving Parameter "wordcode_489 = 5929".
Action_A.c(83): Notify: Saving Parameter "wordcode_490 = 5930".
Action_A.c(83): Notify: Saving Parameter "wordcode_491 = 5931".
Action_A.c(83): Notify: Saving Parameter "wordcode_492 = 5932".
Action_A.c(83): Notify: Saving Parameter "wordcode_493 = 5933".
Action_A.c(83): Notify: Saving Parameter "wordcode_494 = 5934".
Action_A.c(83): Notify: Saving Parameter "wordcode_495 = 5935".
Action_A.c(83): Notify: Saving Parameter "wordcode_496 = 5936".
Action_A.c(83): Notify: Saving Parameter "wordcode_497 = 5937".
Action_A.c(83): Notify: Saving Parameter "wordcode_498 = 5938".
Action_A.c(83): Notify: Saving Parameter "wordcode_499 = 5939".
Action_A.c(83): Notify: Saving Parameter "wordcode_500 = 5940".
Action_A.c(83): Notify: Saving Parameter "wordcode_501 = 5941".
Action_A.c(83): Notify: Saving Parameter "wordcode_502 = 5942".
Action_A.c(83): Notify: Saving Parameter "wordcode_503 = 5943".
Action_A.c(83): Notify: Saving Parameter "wordcode_504 = 5944".
Action_A.c(83): Notify: Saving Parameter "wordcode_505 = 5945".
Action_A.c(83): Notify: Saving Parameter "wordcode_506 = 5946".
Action_A.c(83): Notify: Saving Parameter "wordcode_507 = 5947".
Action_A.c(83): Notify: Saving Parameter "wordcode_508 = 5948".
Action_A.c(83): Notify: Saving Parameter "wordcode_509 = 5949".
Action_A.c(83): Notify: Saving Parameter "wordcode_510 = 5950".
Action_A.c(83): Notify: Saving Parameter "wordcode_511 = 5951".
Action_A.c(83): Notify: Saving Parameter "wordcode_512 = 5952".
Action_A.c(83): Notify: Saving Parameter "wordcode_513 = 5953".
Action_A.c(83): Notify: Saving Parameter "wordcode_514 = 5954".
Action_A.c(83): Notify: Saving Parameter "wordcode_515 = 5955".
Action_A.c(83): Notify: Saving Parameter "wordcode_516 = 5956".
Action_A.c(83): Notify: Saving Parameter "wordcode_517 = 5957".
Action_A.c(83): Notify: Saving Parameter "wordcode_518 = 5958".
Action_A.c(83): Notify: Saving Parameter "wordcode_519 = 5959".
Action_A.c(83): Notify: Saving Parameter "wordcode_520 = 5960".
Action_A.c(83): Notify: Saving Parameter "wordcode_521 = 5961".
Action_A.c(83): Notify: Saving Parameter "wordcode_522 = 5962".
Action_A.c(83): Notify: Saving Parameter "wordcode_523 = 5963".
Action_A.c(83): Notify: Saving Parameter "wordcode_524 = 5964".
Action_A.c(83): Notify: Saving Parameter "wordcode_525 = 5965".
Action_A.c(83): Notify: Saving Parameter "wordcode_526 = 5966".
Action_A.c(83): Notify: Saving Parameter "wordcode_527 = 5967".
Action_A.c(83): Notify: Saving Parameter "wordcode_528 = 5968".
Action_A.c(83): Notify: Saving Parameter "wordcode_529 = 5969".
Action_A.c(83): Notify: Saving Parameter "wordcode_530 = 5970".
Action_A.c(83): Notify: Saving Parameter "wordcode_531 = 5971".
Action_A.c(83): Notify: Saving Parameter "wordcode_532 = 5972".
Action_A.c(83): Notify: Saving Parameter "wordcode_533 = 5973".
Action_A.c(83): Notify: Saving Parameter "wordcode_534 = 5974".
Action_A.c(83): Notify: Saving Parameter "wordcode_535 = 5975".
Action_A.c(83): Notify: Saving Parameter "wordcode_536 = 5976".
Action_A.c(83): Notify: Saving Parameter "wordcode_537 = 5977".
Action_A.c(83): Notify: Saving Parameter "wordcode_538 = 5978".
Action_A.c(83): Notify: Saving Parameter "wordcode_539 = 5979".
Action_A.c(83): Notify: Saving Parameter "wordcode_540 = 5980".
Action_A.c(83): Notify: Saving Parameter "wordcode_541 = 5981".
Action_A.c(83): Notify: Saving Parameter "wordcode_542 = 5982".
Action_A.c(83): Notify: Saving Parameter "wordcode_543 = 5983".
Action_A.c(83): Notify: Saving Parameter "wordcode_544 = 5984".
Action_A.c(83): Notify: Saving Parameter "wordcode_545 = 5985".
Action_A.c(83): Notify: Saving Parameter "wordcode_546 = 5986".
Action_A.c(83): Notify: Saving Parameter "wordcode_547 = 5987".
Action_A.c(83): Notify: Saving Parameter "wordcode_548 = 5988".
Action_A.c(83): Notify: Saving Parameter "wordcode_549 = 5989".
Action_A.c(83): Notify: Saving Parameter "wordcode_550 = 5990".
Action_A.c(83): Notify: Saving Parameter "wordcode_551 = 5991".
Action_A.c(83): Notify: Saving Parameter "wordcode_552 = 5992".
Action_A.c(83): Notify: Saving Parameter "wordcode_553 = 5993".
Action_A.c(83): Notify: Saving Parameter "wordcode_554 = 5994".
Action_A.c(83): Notify: Saving Parameter "wordcode_555 = 5995".
Action_A.c(83): Notify: Saving Parameter "wordcode_556 = 5996".
Action_A.c(83): Notify: Saving Parameter "wordcode_557 = 5997".
Action_A.c(83): Notify: Saving Parameter "wordcode_558 = 5998".
Action_A.c(83): Notify: Saving Parameter "wordcode_559 = 5999".
Action_A.c(83): Notify: Saving Parameter "wordcode_560 = 6000".
Action_A.c(83): Notify: Saving Parameter "wordcode_561 = 6001".
Action_A.c(83): Notify: Saving Parameter "wordcode_562 = 6002".
Action_A.c(83): Notify: Saving Parameter "wordcode_563 = 6003".
Action_A.c(83): Notify: Saving Parameter "wordcode_564 = 6004".
Action_A.c(83): Notify: Saving Parameter "wordcode_565 = 6005".
Action_A.c(83): Notify: Saving Parameter "wordcode_566 = 6006".
Action_A.c(83): Notify: Saving Parameter "wordcode_567 = 6007".
Action_A.c(83): Notify: Saving Parameter "wordcode_568 = 6008".
Action_A.c(83): Notify: Saving Parameter "wordcode_569 = 6009".
Action_A.c(83): Notify: Saving Parameter "wordcode_570 = 6010".
Action_A.c(83): Notify: Saving Parameter "wordcode_571 = 6011".
Action_A.c(83): Notify: Saving Parameter "wordcode_572 = 6012".
Action_A.c(83): Notify: Saving Parameter "wordcode_573 = 6013".
Action_A.c(83): Notify: Saving Parameter "wordcode_574 = 6014".
Action_A.c(83): Notify: Saving Parameter "wordcode_575 = 6015".
Action_A.c(83): Notify: Saving Parameter "wordcode_576 = 6016".
Action_A.c(83): Notify: Saving Parameter "wordcode_577 = 6017".
Action_A.c(83): Notify: Saving Parameter "wordcode_578 = 6018".
Action_A.c(83): Notify: Saving Parameter "wordcode_579 = 6019".
Action_A.c(83): Notify: Saving Parameter "wordcode_580 = 6020".
Action_A.c(83): Notify: Saving Parameter "wordcode_581 = 6021".
Action_A.c(83): Notify: Saving Parameter "wordcode_582 = 6022".
Action_A.c(83): Notify: Saving Parameter "wordcode_583 = 6023".
Action_A.c(83): Notify: Saving Parameter "wordcode_584 = 6024".
Action_A.c(83): Notify: Saving Parameter "wordcode_585 = 6025".
Action_A.c(83): Notify: Saving Parameter "wordcode_586 = 6026".
Action_A.c(83): Notify: Saving Parameter "wordcode_587 = 6027".
Action_A.c(83): Notify: Saving Parameter "wordcode_588 = 6028".
Action_A.c(83): Notify: Saving Parameter "wordcode_589 = 6029".
Action_A.c(83): Notify: Saving Parameter "wordcode_590 = 6030".
Action_A.c(83): Notify: Saving Parameter "wordcode_591 = 6031".
Action_A.c(83): Notify: Saving Parameter "wordcode_592 = 6032".
Action_A.c(83): Notify: Saving Parameter "wordcode_593 = 6033".
Action_A.c(83): Notify: Saving Parameter "wordcode_594 = 6034".
Action_A.c(83): Notify: Saving Parameter "wordcode_595 = 6035".
Action_A.c(83): Notify: Saving Parameter "wordcode_596 = 6036".
Action_A.c(83): Notify: Saving Parameter "wordcode_597 = 6037".
Action_A.c(83): Notify: Saving Parameter "wordcode_598 = 6038".
Action_A.c(83): Notify: Saving Parameter "wordcode_599 = 6039".
Action_A.c(83): Notify: Saving Parameter "wordcode_600 = 6040".
Action_A.c(83): Notify: Saving Parameter "wordcode_601 = 6041".
Action_A.c(83): Notify: Saving Parameter "wordcode_602 = 6042".
Action_A.c(83): Notify: Saving Parameter "wordcode_603 = 6043".
Action_A.c(83): Notify: Saving Parameter "wordcode_604 = 6044".
Action_A.c(83): Notify: Saving Parameter "wordcode_605 = 6045".
Action_A.c(83): Notify: Saving Parameter "wordcode_606 = 6046".
Action_A.c(83): Notify: Saving Parameter "wordcode_607 = 6047".
Action_A.c(83): Notify: Saving Parameter "wordcode_608 = 6048".
Action_A.c(83): Notify: Saving Parameter "wordcode_609 = 6049".
Action_A.c(83): Notify: Saving Parameter "wordcode_610 = 6050".
Action_A.c(83): Notify: Saving Parameter "wordcode_611 = 6051".
Action_A.c(83): Notify: Saving Parameter "wordcode_612 = 6052".
Action_A.c(83): Notify: Saving Parameter "wordcode_613 = 6053".
Action_A.c(83): Notify: Saving Parameter "wordcode_614 = 6054".
Action_A.c(83): Notify: Saving Parameter "wordcode_615 = 6055".
Action_A.c(83): Notify: Saving Parameter "wordcode_616 = 6056".
Action_A.c(83): Notify: Saving Parameter "wordcode_617 = 6057".
Action_A.c(83): Notify: Saving Parameter "wordcode_618 = 6058".
Action_A.c(83): Notify: Saving Parameter "wordcode_619 = 6059".
Action_A.c(83): Notify: Saving Parameter "wordcode_620 = 6060".
Action_A.c(83): Notify: Saving Parameter "wordcode_621 = 6061".
Action_A.c(83): Notify: Saving Parameter "wordcode_622 = 6062".
Action_A.c(83): Notify: Saving Parameter "wordcode_623 = 6063".
Action_A.c(83): Notify: Saving Parameter "wordcode_624 = 6064".
Action_A.c(83): Notify: Saving Parameter "wordcode_625 = 6065".
Action_A.c(83): Notify: Saving Parameter "wordcode_626 = 6066".
Action_A.c(83): Notify: Saving Parameter "wordcode_627 = 6067".
Action_A.c(83): Notify: Saving Parameter "wordcode_628 = 6068".
Action_A.c(83): Notify: Saving Parameter "wordcode_629 = 6069".
Action_A.c(83): Notify: Saving Parameter "wordcode_630 = 6070".
Action_A.c(83): Notify: Saving Parameter "wordcode_631 = 6071".
Action_A.c(83): Notify: Saving Parameter "wordcode_632 = 6072".
Action_A.c(83): Notify: Saving Parameter "wordcode_633 = 6073".
Action_A.c(83): Notify: Saving Parameter "wordcode_634 = 6074".
Action_A.c(83): Notify: Saving Parameter "wordcode_635 = 6075".
Action_A.c(83): Notify: Saving Parameter "wordcode_636 = 6076".
Action_A.c(83): Notify: Saving Parameter "wordcode_637 = 6077".
Action_A.c(83): Notify: Saving Parameter "wordcode_638 = 6078".
Action_A.c(83): Notify: Saving Parameter "wordcode_639 = 6079".
Action_A.c(83): Notify: Saving Parameter "wordcode_640 = 6080".
Action_A.c(83): Notify: Saving Parameter "wordcode_641 = 6081".
Action_A.c(83): Notify: Saving Parameter "wordcode_642 = 6082".
Action_A.c(83): Notify: Saving Parameter "wordcode_643 = 6083".
Action_A.c(83): Notify: Saving Parameter "wordcode_644 = 6084".
Action_A.c(83): Notify: Saving Parameter "wordcode_645 = 6085".
Action_A.c(83): Notify: Saving Parameter "wordcode_646 = 6086".
Action_A.c(83): Notify: Saving Parameter "wordcode_647 = 6087".
Action_A.c(83): Notify: Saving Parameter "wordcode_648 = 6088".
Action_A.c(83): Notify: Saving Parameter "wordcode_649 = 6089".
Action_A.c(83): Notify: Saving Parameter "wordcode_650 = 6090".
Action_A.c(83): Notify: Saving Parameter "wordcode_651 = 6091".
Action_A.c(83): Notify: Saving Parameter "wordcode_652 = 6092".
Action_A.c(83): Notify: Saving Parameter "wordcode_653 = 6093".
Action_A.c(83): Notify: Saving Parameter "wordcode_654 = 6094".
Action_A.c(83): Notify: Saving Parameter "wordcode_655 = 6095".
Action_A.c(83): Notify: Saving Parameter "wordcode_656 = 6096".
Action_A.c(83): Notify: Saving Parameter "wordcode_657 = 6097".
Action_A.c(83): Notify: Saving Parameter "wordcode_658 = 6098".
Action_A.c(83): Notify: Saving Parameter "wordcode_659 = 6099".
Action_A.c(83): Notify: Saving Parameter "wordcode_660 = 6100".
Action_A.c(83): Notify: Saving Parameter "wordcode_661 = 6101".
Action_A.c(83): Notify: Saving Parameter "wordcode_662 = 6102".
Action_A.c(83): Notify: Saving Parameter "wordcode_663 = 6103".
Action_A.c(83): Notify: Saving Parameter "wordcode_664 = 6104".
Action_A.c(83): Notify: Saving Parameter "wordcode_665 = 6105".
Action_A.c(83): Notify: Saving Parameter "wordcode_666 = 6106".
Action_A.c(83): Notify: Saving Parameter "wordcode_667 = 6107".
Action_A.c(83): Notify: Saving Parameter "wordcode_668 = 6108".
Action_A.c(83): Notify: Saving Parameter "wordcode_669 = 6109".
Action_A.c(83): Notify: Saving Parameter "wordcode_670 = 6110".
Action_A.c(83): Notify: Saving Parameter "wordcode_671 = 6111".
Action_A.c(83): Notify: Saving Parameter "wordcode_672 = 6112".
Action_A.c(83): Notify: Saving Parameter "wordcode_673 = 6113".
Action_A.c(83): Notify: Saving Parameter "wordcode_674 = 6114".
Action_A.c(83): Notify: Saving Parameter "wordcode_675 = 6115".
Action_A.c(83): Notify: Saving Parameter "wordcode_676 = 6116".
Action_A.c(83): Notify: Saving Parameter "wordcode_677 = 6117".
Action_A.c(83): Notify: Saving Parameter "wordcode_678 = 6118".
Action_A.c(83): Notify: Saving Parameter "wordcode_679 = 6119".
Action_A.c(83): Notify: Saving Parameter "wordcode_680 = 6120".
Action_A.c(83): Notify: Saving Parameter "wordcode_681 = 6121".
Action_A.c(83): Notify: Saving Parameter "wordcode_682 = 6122".
Action_A.c(83): Notify: Saving Parameter "wordcode_683 = 6123".
Action_A.c(83): Notify: Saving Parameter "wordcode_684 = 6124".
Action_A.c(83): Notify: Saving Parameter "wordcode_685 = 6125".
Action_A.c(83): Notify: Saving Parameter "wordcode_686 = 6126".
Action_A.c(83): Notify: Saving Parameter "wordcode_687 = 6127".
Action_A.c(83): Notify: Saving Parameter "wordcode_688 = 6128".
Action_A.c(83): Notify: Saving Parameter "wordcode_689 = 6129".
Action_A.c(83): Notify: Saving Parameter "wordcode_690 = 6130".
Action_A.c(83): Notify: Saving Parameter "wordcode_691 = 6131".
Action_A.c(83): Notify: Saving Parameter "wordcode_692 = 6132".
Action_A.c(83): Notify: Saving Parameter "wordcode_693 = 6133".
Action_A.c(83): Notify: Saving Parameter "wordcode_694 = 6134".
Action_A.c(83): Notify: Saving Parameter "wordcode_695 = 6135".
Action_A.c(83): Notify: Saving Parameter "wordcode_696 = 6136".
Action_A.c(83): Notify: Saving Parameter "wordcode_697 = 6137".
Action_A.c(83): Notify: Saving Parameter "wordcode_698 = 6138".
Action_A.c(83): Notify: Saving Parameter "wordcode_699 = 6139".
Action_A.c(83): Notify: Saving Parameter "wordcode_700 = 6140".
Action_A.c(83): Notify: Saving Parameter "wordcode_701 = 6141".
Action_A.c(83): Notify: Saving Parameter "wordcode_702 = 6142".
Action_A.c(83): Notify: Saving Parameter "wordcode_703 = 6143".
Action_A.c(83): Notify: Saving Parameter "wordcode_704 = 6144".
Action_A.c(83): Notify: Saving Parameter "wordcode_705 = 6145".
Action_A.c(83): Notify: Saving Parameter "wordcode_706 = 6146".
Action_A.c(83): Notify: Saving Parameter "wordcode_707 = 6147".
Action_A.c(83): Notify: Saving Parameter "wordcode_708 = 6148".
Action_A.c(83): Notify: Saving Parameter "wordcode_709 = 6149".
Action_A.c(83): Notify: Saving Parameter "wordcode_710 = 6150".
Action_A.c(83): Notify: Saving Parameter "wordcode_711 = 6151".
Action_A.c(83): Notify: Saving Parameter "wordcode_712 = 6152".
Action_A.c(83): Notify: Saving Parameter "wordcode_713 = 6153".
Action_A.c(83): Notify: Saving Parameter "wordcode_714 = 6154".
Action_A.c(83): Notify: Saving Parameter "wordcode_715 = 6155".
Action_A.c(83): Notify: Saving Parameter "wordcode_716 = 6156".
Action_A.c(83): Notify: Saving Parameter "wordcode_717 = 6157".
Action_A.c(83): Notify: Saving Parameter "wordcode_718 = 6158".
Action_A.c(83): Notify: Saving Parameter "wordcode_719 = 6159".
Action_A.c(83): Notify: Saving Parameter "wordcode_720 = 6160".
Action_A.c(83): Notify: Saving Parameter "wordcode_721 = 6161".
Action_A.c(83): Notify: Saving Parameter "wordcode_722 = 6162".
Action_A.c(83): Notify: Saving Parameter "wordcode_723 = 6163".
Action_A.c(83): Notify: Saving Parameter "wordcode_724 = 6164".
Action_A.c(83): Notify: Saving Parameter "wordcode_725 = 6165".
Action_A.c(83): Notify: Saving Parameter "wordcode_726 = 6166".
Action_A.c(83): Notify: Saving Parameter "wordcode_727 = 6167".
Action_A.c(83): Notify: Saving Parameter "wordcode_728 = 6168".
Action_A.c(83): Resource "http://slovardalja.net/img/endpic.jpg" is in the cache already and will not be downloaded again  	[MsgId: MMSG-26655]
Action_A.c(83): Found resource "https://cdn-rtb.sape.ru/teasers/js/471/2/53471.js" in HTML "http://slovardalja.net/letter.php?charkod=195"  	[MsgId: MMSG-26659]
Action_A.c(83): Resource "http://www.google-analytics.com/urchin.js" is in the cache already and will not be downloaded again  	[MsgId: MMSG-26655]
Action_A.c(83): Redirecting "http://counter.rambler.ru/top100.cnt?1439171" (redirection depth is 0)  	[MsgId: MMSG-26694]
Action_A.c(83): To location "https://counter.rambler.ru/top100.cnt?1439171"  	[MsgId: MMSG-26693]
Action_A.c(83): ssl_handle_status encounter error : SSL_ERROR_SSL, error message : error:14094410:SSL routines:ssl3_read_bytes:sslv3 alert handshake failure  	[MsgId: MMSG-26000]
Action_A.c(83): Warning -27774: SSL protocol error when attempting to connect with host "cdn-rtb.sape.ru"  	[MsgId: MWAR-27774]
Action_A.c(83): Warning -27760: Request "https://cdn-rtb.sape.ru/teasers/js/471/2/53471.js" failed  	[MsgId: MWAR-27760]
Action_A.c(83): ssl_handle_status encounter error : SSL_ERROR_SSL, error message : error:14094410:SSL routines:ssl3_read_bytes:sslv3 alert handshake failure  	[MsgId: MMSG-26000]
Action_A.c(83): Warning -27774: SSL protocol error when attempting to connect with host "counter.rambler.ru"  	[MsgId: MWAR-27774]
Action_A.c(83): Warning -27760: Request "https://counter.rambler.ru/top100.cnt?1439171" failed  	[MsgId: MWAR-27760]
Action_A.c(83): Notify: Saving Parameter "wordcode_count = 728".
Action_A.c(83): web_url("word") highest severity level was "warning", 8402 body bytes, 581 header bytes  	[MsgId: MMSG-26388]
Action_A.c(93): Notify: Parameter Substitution: parameter "wordcode_1" =  "5441"
Action_A.c(93): Код первого слова 5441
Action_A.c(94): Notify: Parameter Substitution: parameter "wordcode_count" =  "728"
Action_A.c(94): Всего 728 слов
Action_A.c(98): Notify: Parameter Substitution: parameter "wordcode_count" =  "728"
Action_A.c(100): Notify: Parameter Substitution: parameter "wordcode_1" =  "5441"
Action_A.c(102): Код первого слова ДО преобразования 5441
Action_A.c(103): Количество слов ДО преобразования 728
Action_A.c(112): Код первого слова ПОСЛЕ преобразования 5442
Action_A.c(113): Количество слов ПОСЛЕ преобразования 727
Action_A.c(119): Случайный код слова 5821
Action_A.c(125): Итоговый код слова 5820
Action_A.c(129): Notify: Saving Parameter "param_word = 5820".
Action_A.c(131): Notify: Parameter Substitution: parameter "param_word" =  "5820"
Action_A.c(131): Выбрано слово с кодом 5820
Action_A.c(139): web_reg_save_param_ex started  	[MsgId: MMSG-26355]
Action_A.c(139): Registering web_reg_save_param_ex was successful  	[MsgId: MMSG-26390]
Action_A.c(150): web_url("slovardalja.net") started  	[MsgId: MMSG-26355]
Action_A.c(150): Notify: Parameter Substitution: parameter "param_word" =  "5820"
Action_A.c(150): Resource "http://slovardalja.net/style.css" is in the cache already and will not be downloaded again  	[MsgId: MMSG-26655]
Action_A.c(150): Resource "http://newrrb.bid/1akds.min.js" is in the cache already and will not be downloaded again  	[MsgId: MMSG-26655]
Action_A.c(150): Found resource "http://counter.rambler.ru/top100.cnt?1439171" in HTML "http://slovardalja.net/word.php?wordid=5820"  	[MsgId: MMSG-26659]
Action_A.c(150): Resource "http://slovardalja.net/img/Header.jpg" is in the cache already and will not be downloaded again  	[MsgId: MMSG-26655]
Action_A.c(150): Resource "http://pagead2.googlesyndication.com/pagead/js/adsbygoogle.js" is in the cache already and will not be downloaded again  	[MsgId: MMSG-26655]
Action_A.c(150): Resource "http://slovardalja.net/img/endpic.jpg" is in the cache already and will not be downloaded again  	[MsgId: MMSG-26655]
Action_A.c(150): Found resource "https://cdn-rtb.sape.ru/teasers/js/471/2/53471.js" in HTML "http://slovardalja.net/word.php?wordid=5820"  	[MsgId: MMSG-26659]
Action_A.c(150): Resource "http://www.google-analytics.com/urchin.js" is in the cache already and will not be downloaded again  	[MsgId: MMSG-26655]
Action_A.c(150): Notify: Saving Parameter "final_word = ГОГОЙКАТЬ,  см. го-го.".
Action_A.c(150): Redirecting "http://counter.rambler.ru/top100.cnt?1439171" (redirection depth is 0)  	[MsgId: MMSG-26694]
Action_A.c(150): To location "https://counter.rambler.ru/top100.cnt?1439171"  	[MsgId: MMSG-26693]
Action_A.c(150): ssl_handle_status encounter error : SSL_ERROR_SSL, error message : error:14094410:SSL routines:ssl3_read_bytes:sslv3 alert handshake failure  	[MsgId: MMSG-26000]
Action_A.c(150): Warning -27774: SSL protocol error when attempting to connect with host "cdn-rtb.sape.ru"  	[MsgId: MWAR-27774]
Action_A.c(150): Warning -27760: Request "https://cdn-rtb.sape.ru/teasers/js/471/2/53471.js" failed  	[MsgId: MWAR-27760]
Action_A.c(150): ssl_handle_status encounter error : SSL_ERROR_SSL, error message : error:14094410:SSL routines:ssl3_read_bytes:sslv3 alert handshake failure  	[MsgId: MMSG-26000]
Action_A.c(150): Warning -27774: SSL protocol error when attempting to connect with host "counter.rambler.ru"  	[MsgId: MWAR-27774]
Action_A.c(150): Warning -27760: Request "https://counter.rambler.ru/top100.cnt?1439171" failed  	[MsgId: MWAR-27760]
Action_A.c(150): web_url("slovardalja.net") highest severity level was "warning", 2315 body bytes, 581 header bytes  	[MsgId: MMSG-26388]
Action_A.c(160): Notify: Parameter Substitution: parameter "final_word" =  "ГОГОЙКАТЬ,  см. го-го."
Action_A.c(160): final_word ГОГОЙКАТЬ,  см. го-го.
Action_A.c(161): Warning: The string 'final_word_1' with parameter delimiters is not a parameter.
Action_A.c(161): final_word_1 {final_word_1}
Action_A.c(162): Warning: The string 'final_word_count' with parameter delimiters is not a parameter.
Action_A.c(162): final_word_count {final_word_count}
Ending action Action_A.
Ending iteration 1.
Ending Vuser...
Starting action vuser_end.
Ending action vuser_end.
Vuser Terminated.
Vuser 0 (thread 3324), ended OK."
